2024-08-26T20:55:25.174+08:00  INFO 21544 --- [main] com.supply.SupplyApplication             : Starting SupplyApplication using Java 17.0.11 with PID 21544 (D:\Java projects\drug-supply-system\drug-server\target\classes started by jjjj in D:\Java projects\drug-supply-system)
2024-08-26T20:55:25.175+08:00  INFO 21544 --- [main] com.supply.SupplyApplication             : The following 1 profile is active: "dev"
2024-08-26T20:55:25.913+08:00  WARN 21544 --- [main] o.m.s.mapper.ClassPathMapperScanner      : No MyBatis mapper was found in '[com.supply]' package. Please check your configuration.
2024-08-26T20:55:26.068+08:00  INFO 21544 --- [main] ptablePropertiesBeanFactoryPostProcessor : Post-processing PropertySource instances
2024-08-26T20:55:26.069+08:00  INFO 21544 --- [main] c.u.j.EncryptablePropertySourceConverter : Skipping PropertySource configurationProperties [class org.springframework.boot.context.properties.source.ConfigurationPropertySourcesPropertySource
2024-08-26T20:55:26.071+08:00  INFO 21544 --- [main] c.u.j.EncryptablePropertySourceConverter : Skipping PropertySource servletConfigInitParams [class org.springframework.core.env.PropertySource$StubPropertySource
2024-08-26T20:55:26.071+08:00  INFO 21544 --- [main] c.u.j.EncryptablePropertySourceConverter : Skipping PropertySource servletContextInitParams [class org.springframework.core.env.PropertySource$StubPropertySource
2024-08-26T20:55:26.072+08:00  INFO 21544 --- [main] c.u.j.EncryptablePropertySourceConverter : Converting PropertySource systemProperties [org.springframework.core.env.PropertiesPropertySource] to EncryptableMapPropertySourceWrapper
2024-08-26T20:55:26.072+08:00  INFO 21544 --- [main] c.u.j.EncryptablePropertySourceConverter : Converting PropertySource systemEnvironment [org.springframework.boot.env.SystemEnvironmentPropertySourceEnvironmentPostProcessor$OriginAwareSystemEnvironmentPropertySource] to EncryptableSystemEnvironmentPropertySourceWrapper
2024-08-26T20:55:26.073+08:00  INFO 21544 --- [main] c.u.j.EncryptablePropertySourceConverter : Converting PropertySource random [org.springframework.boot.env.RandomValuePropertySource] to EncryptablePropertySourceWrapper
2024-08-26T20:55:26.073+08:00  INFO 21544 --- [main] c.u.j.EncryptablePropertySourceConverter : Converting PropertySource Config resource 'class path resource [application-dev.yaml]' via location 'optional:classpath:/' [org.springframework.boot.env.OriginTrackedMapPropertySource] to EncryptableMapPropertySourceWrapper
2024-08-26T20:55:26.073+08:00  INFO 21544 --- [main] c.u.j.EncryptablePropertySourceConverter : Converting PropertySource Config resource 'class path resource [application.yaml]' via location 'optional:classpath:/' [org.springframework.boot.env.OriginTrackedMapPropertySource] to EncryptableMapPropertySourceWrapper
2024-08-26T20:55:26.098+08:00  INFO 21544 --- [main] c.u.j.filter.DefaultLazyPropertyFilter   : Property Filter custom Bean not found with name 'encryptablePropertyFilter'. Initializing Default Property Filter
2024-08-26T20:55:26.108+08:00  INFO 21544 --- [main] c.u.j.r.DefaultLazyPropertyResolver      : Property Resolver custom Bean not found with name 'encryptablePropertyResolver'. Initializing Default Property Resolver
2024-08-26T20:55:26.109+08:00  INFO 21544 --- [main] c.u.j.d.DefaultLazyPropertyDetector      : Property Detector custom Bean not found with name 'encryptablePropertyDetector'. Initializing Default Property Detector
2024-08-26T20:55:26.346+08:00  INFO 21544 --- [main] o.s.b.w.embedded.tomcat.TomcatWebServer  : Tomcat initialized with port 8080 (http)
2024-08-26T20:55:26.357+08:00  INFO 21544 --- [main] o.apache.catalina.core.StandardService   : Starting service [Tomcat]
2024-08-26T20:55:26.357+08:00  INFO 21544 --- [main] o.apache.catalina.core.StandardEngine    : Starting Servlet engine: [Apache Tomcat/10.1.19]
2024-08-26T20:55:26.410+08:00  INFO 21544 --- [main] o.a.c.c.C.[Tomcat].[localhost].[/]       : Initializing Spring embedded WebApplicationContext
2024-08-26T20:55:26.411+08:00  INFO 21544 --- [main] w.s.c.ServletWebServerApplicationContext : Root WebApplicationContext: initialization completed in 1200 ms
2024-08-26T20:55:26.448+08:00  INFO 21544 --- [main] c.u.j.encryptor.DefaultLazyEncryptor     : String Encryptor custom Bean not found with name 'jasyptStringEncryptor'. Initializing Default String Encryptor
2024-08-26T20:55:26.456+08:00  INFO 21544 --- [main] c.u.j.c.StringEncryptorBuilder           : Encryptor config not found for property jasypt.encryptor.key-obtention-iterations, using default value: 1000
2024-08-26T20:55:26.457+08:00  INFO 21544 --- [main] c.u.j.c.StringEncryptorBuilder           : Encryptor config not found for property jasypt.encryptor.pool-size, using default value: 1
2024-08-26T20:55:26.457+08:00  INFO 21544 --- [main] c.u.j.c.StringEncryptorBuilder           : Encryptor config not found for property jasypt.encryptor.provider-name, using default value: null
2024-08-26T20:55:26.457+08:00  INFO 21544 --- [main] c.u.j.c.StringEncryptorBuilder           : Encryptor config not found for property jasypt.encryptor.provider-class-name, using default value: null
2024-08-26T20:55:26.457+08:00  INFO 21544 --- [main] c.u.j.c.StringEncryptorBuilder           : Encryptor config not found for property jasypt.encryptor.salt-generator-classname, using default value: org.jasypt.salt.RandomSaltGenerator
2024-08-26T20:55:26.458+08:00  INFO 21544 --- [main] c.u.j.c.StringEncryptorBuilder           : Encryptor config not found for property jasypt.encryptor.iv-generator-classname, using default value: org.jasypt.iv.RandomIvGenerator
2024-08-26T20:55:26.459+08:00  INFO 21544 --- [main] c.u.j.c.StringEncryptorBuilder           : Encryptor config not found for property jasypt.encryptor.string-output-type, using default value: base64
2024-08-26T20:55:26.521+08:00  INFO 21544 --- [main] com.supply.config.WebMvcConfiguration    : 开始注册自定义拦截器...
2024-08-26T20:55:27.032+08:00  INFO 21544 --- [main] o.s.b.w.embedded.tomcat.TomcatWebServer  : Tomcat started on port 8080 (http) with context path ''
2024-08-26T20:55:27.033+08:00  INFO 21544 --- [main] u.j.c.RefreshScopeRefreshedEventListener : Refreshing cached encryptable property sources on ServletWebServerInitializedEvent
2024-08-26T20:55:27.034+08:00  INFO 21544 --- [main] CachingDelegateEncryptablePropertySource : Property Source systemProperties refreshed
2024-08-26T20:55:27.034+08:00  INFO 21544 --- [main] CachingDelegateEncryptablePropertySource : Property Source systemEnvironment refreshed
2024-08-26T20:55:27.034+08:00  INFO 21544 --- [main] CachingDelegateEncryptablePropertySource : Property Source random refreshed
2024-08-26T20:55:27.034+08:00  INFO 21544 --- [main] CachingDelegateEncryptablePropertySource : Property Source Config resource 'class path resource [application-dev.yaml]' via location 'optional:classpath:/' refreshed
2024-08-26T20:55:27.034+08:00  INFO 21544 --- [main] CachingDelegateEncryptablePropertySource : Property Source Config resource 'class path resource [application.yaml]' via location 'optional:classpath:/' refreshed
2024-08-26T20:55:27.034+08:00  INFO 21544 --- [main] c.u.j.EncryptablePropertySourceConverter : Skipping PropertySource configurationProperties [class org.springframework.boot.context.properties.source.ConfigurationPropertySourcesPropertySource
2024-08-26T20:55:27.034+08:00  INFO 21544 --- [main] c.u.j.EncryptablePropertySourceConverter : Skipping PropertySource servletConfigInitParams [class org.springframework.core.env.PropertySource$StubPropertySource
2024-08-26T20:55:27.035+08:00  INFO 21544 --- [main] c.u.j.EncryptablePropertySourceConverter : Converting PropertySource servletContextInitParams [org.springframework.web.context.support.ServletContextPropertySource] to EncryptableEnumerablePropertySourceWrapper
2024-08-26T20:55:27.041+08:00  INFO 21544 --- [main] com.supply.SupplyApplication             : Started SupplyApplication in 2.348 seconds (process running for 3.023)
